<?xml version="1.0" encoding="UTF-8"?>
<testsuite xmlns:xsi="http://www.w3.org/2001/XMLSchema-instance" xsi:noNamespaceSchemaLocation="https://maven.apache.org/surefire/maven-surefire-plugin/xsd/surefire-test-report.xsd" version="3.0.2" name="com.prepradar.backend.BackendApplicationTests" time="12.293" tests="1" errors="0" skipped="0" failures="0">
  <properties>
[...]
</properties>
  <testcase name="contextLoads" classname="com.prepradar.backend.BackendApplicationTests" time="1.357">
    <system-out><![CDATA[18:56:08.241 [main] INFO org.springframework.test.context.support.AnnotationConfigContextLoaderUtils -- Could not detect default configuration classes for test class [com.prepradar.backend.BackendApplicationTests]: BackendApplicationTests does not declare any static, non-private, non-final, nested classes annotated with @Configuration.
18:56:08.497 [main] INFO org.springframework.boot.test.context.SpringBootTestContextBootstrapper -- Found @SpringBootConfiguration com.prepradar.backend.BackendApplication for test class com.prepradar.backend.BackendApplicationTests
18:56:08.841 [main] INFO org.springframework.boot.devtools.restart.RestartApplicationListener -- Restart disabled due to context in which it is running

  .   ____          _            __ _ _
 /\\ / ___'_ __ _ _(_)_ __  __ _ \ \ \ \
( ( )\___ | '_ | '_| | '_ \/ _` | \ \ \ \
 \\/  ___)| |_)| | | | | || (_| |  ) ) ) )
  '  |____| .__|_| |_|_| |_\__, | / / / /
 =========|_|==============|___/=/_/_/_/

 :: Spring Boot ::                (v3.5.0)

2025-06-26T18:56:09.518+05:30  INFO 5780 --- [backend] [           main] c.p.backend.BackendApplicationTests      : Starting BackendApplicationTests using Java 18.0.1.1 with PID 5780 (started by User in C:\dheeshi\prepradar\backend)
2025-06-26T18:56:09.521+05:30  INFO 5780 --- [backend] [           main] c.p.backend.BackendApplicationTests      : No active profile set, falling back to 1 default profile: "default"
2025-06-26T18:56:12.730+05:30  INFO 5780 --- [backend] [           main] .s.d.r.c.RepositoryConfigurationDelegate : Bootstrapping Spring Data MongoDB repositories in DEFAULT mode.
2025-06-26T18:56:12.995+05:30  INFO 5780 --- [backend] [           main] .s.d.r.c.RepositoryConfigurationDelegate : Finished Spring Data repository scanning in 249 ms. Found 3 MongoDB repository interfaces.
2025-06-26T18:56:15.062+05:30  WARN 5780 --- [backend] [           main] org.mongodb.driver.uri                   : Connection string contains unsupported option 'prepradar'.
2025-06-26T18:56:15.163+05:30  INFO 5780 --- [backend] [           main] org.mongodb.driver.client                : MongoClient with metadata {"driver": {"name": "mongo-java-driver|sync|spring-boot", "version": "5.4.0"}, "os": {"type": "Windows", "name": "Windows 11", "architecture": "amd64", "version": "10.0"}, "platform": "Java/Oracle Corporation/18.0.1.1+2-6"} created with settings MongoClientSettings{readPreference=primary, writeConcern=WriteConcern{w=majority, wTimeout=null ms, journal=null}, retryWrites=true, retryReads=true, readConcern=ReadConcern{level=null}, credential=MongoCredential{mechanism=null, userName='dheeshi', source='admin', password=<hidden>, mechanismProperties=<hidden>}, transportSettings=null, commandListeners=[], codecRegistry=ProvidersCodecRegistry{codecProviders=[ValueCodecProvider{}, BsonValueCodecProvider{}, DBRefCodecProvider{}, DBObjectCodecProvider{}, DocumentCodecProvider{}, CollectionCodecProvider{}, IterableCodecProvider{}, MapCodecProvider{}, GeoJsonCodecProvider{}, GridFSFileCodecProvider{}, Jsr310CodecProvider{}, JsonObjectCodecProvider{}, BsonCodecProvider{}, EnumCodecProvider{}, com.mongodb.client.model.mql.ExpressionCodecProvider@10980560, com.mongodb.Jep395RecordCodecProvider@739e8b96, com.mongodb.KotlinCodecProvider@19b07407]}, loggerSettings=LoggerSettings{maxDocumentLength=1000}, clusterSettings={hosts=[127.0.0.1:27017], srvHost=cluster0.2cgal2t.mongodb.net, srvServiceName=mongodb, mode=MULTIPLE, requiredClusterType=REPLICA_SET, requiredReplicaSetName='atlas-ynfroj-shard-0', serverSelector='null', clusterListeners='[]', serverSelectionTimeout='30000 ms', localThreshold='15 ms'}, socketSettings=SocketSettings{connectTimeoutMS=10000, readTimeoutMS=0, receiveBufferSize=0, proxySettings=ProxySettings{host=null, port=null, username=null, password=null}}, heartbeatSocketSettings=SocketSettings{connectTimeoutMS=10000, readTimeoutMS=10000, receiveBufferSize=0, proxySettings=ProxySettings{host=null, port=null, username=null, password=null}}, connectionPoolSettings=ConnectionPoolSettings{maxSize=100, minSize=0, maxWaitTimeMS=120000, maxConnectionLifeTimeMS=0, maxConnectionIdleTimeMS=0, maintenanceInitialDelayMS=0, maintenanceFrequencyMS=60000, connectionPoolListeners=[], maxConnecting=2}, serverSettings=ServerSettings{heartbeatFrequencyMS=10000, minHeartbeatFrequencyMS=500, serverMonitoringMode=AUTO, serverListeners='[]', serverMonitorListeners='[]'}, sslSettings=SslSettings{enabled=true, invalidHostNameAllowed=false, context=null}, applicationName='null', compressorList=[], uuidRepresentation=JAVA_LEGACY, serverApi=null, autoEncryptionSettings=null, dnsClient=null, inetAddressResolver=null, contextProvider=null, timeoutMS=null}
2025-06-26T18:56:15.207+05:30  WARN 5780 --- [backend] [           main] org.mongodb.driver.uri                   : Connection string contains unsupported option 'prepradar'.
2025-06-26T18:56:15.266+05:30  INFO 5780 --- [backend] [l2t.mongodb.net] org.mongodb.driver.cluster               : Adding discovered server ac-hrauimj-shard-00-02.2cgal2t.mongodb.net:27017 to client view of cluster
2025-06-26T18:56:15.519+05:30  INFO 5780 --- [backend] [l2t.mongodb.net] org.mongodb.driver.cluster               : Adding discovered server ac-hrauimj-shard-00-00.2cgal2t.mongodb.net:27017 to client view of cluster
2025-06-26T18:56:15.528+05:30  INFO 5780 --- [backend] [l2t.mongodb.net] org.mongodb.driver.cluster               : Adding discovered server ac-hrauimj-shard-00-01.2cgal2t.mongodb.net:27017 to client view of cluster
2025-06-26T18:56:15.680+05:30  WARN 5780 --- [backend] [           main] o.s.data.convert.CustomConversions       : Registering converter from interface java.util.List to interface org.springframework.data.domain.Vector as reading converter although it doesn't convert from a store-supported type; You might want to check your annotation setup at the converter implementation
2025-06-26T18:56:16.470+05:30  WARN 5780 --- [backend] [           main] o.s.data.convert.CustomConversions       : Registering converter from interface java.util.List to interface org.springframework.data.domain.Vector as reading converter although it doesn't convert from a store-supported type; You might want to check your annotation setup at the converter implementation
2025-06-26T18:56:17.598+05:30  INFO 5780 --- [backend] [ngodb.net:27017] org.mongodb.driver.cluster               : Monitor thread successfully connected to server with description ServerDescription{address=ac-hrauimj-shard-00-01.2cgal2t.mongodb.net:27017, type=REPLICA_SET_SECONDARY, cryptd=false, state=CONNECTED, ok=true, minWireVersion=0, maxWireVersion=25, maxDocumentSize=16777216, logicalSessionTimeoutMinutes=30, roundTripTimeNanos=575900100, minRoundTripTimeNanos=0, setName='atlas-ynfroj-shard-0', canonicalAddress=ac-hrauimj-shard-00-01.2cgal2t.mongodb.net:27017, hosts=[ac-hrauimj-shard-00-00.2cgal2t.mongodb.net:27017, ac-hrauimj-shard-00-01.2cgal2t.mongodb.net:27017, ac-hrauimj-shard-00-02.2cgal2t.mongodb.net:27017], passives=[], arbiters=[], primary='ac-hrauimj-shard-00-02.2cgal2t.mongodb.net:27017', tagSet=TagSet{[Tag{name='availabilityZone', value='aps1-az3'}, Tag{name='diskState', value='READY'}, Tag{name='nodeType', value='ELECTABLE'}, Tag{name='provider', value='AWS'}, Tag{name='region', value='AP_SOUTH_1'}, Tag{name='workloadType', value='OPERATIONAL'}]}, electionId=null, setVersion=1, topologyVersion=TopologyVersion{processId=6852c081b5146ed3e90bb20f, counter=3}, lastWriteDate=Thu Jun 26 18:56:13 IST 2025, lastUpdateTimeNanos=26437797449400}
2025-06-26T18:56:17.598+05:30  INFO 5780 --- [backend] [ngodb.net:27017] org.mongodb.driver.cluster               : Monitor thread successfully connected to server with description ServerDescription{address=ac-hrauimj-shard-00-00.2cgal2t.mongodb.net:27017, type=REPLICA_SET_SECONDARY, cryptd=false, state=CONNECTED, ok=true, minWireVersion=0, maxWireVersion=25, maxDocumentSize=16777216, logicalSessionTimeoutMinutes=30, roundTripTimeNanos=281685200, minRoundTripTimeNanos=0, setName='atlas-ynfroj-shard-0', canonicalAddress=ac-hrauimj-shard-00-00.2cgal2t.mongodb.net:27017, hosts=[ac-hrauimj-shard-00-00.2cgal2t.mongodb.net:27017, ac-hrauimj-shard-00-01.2cgal2t.mongodb.net:27017, ac-hrauimj-shard-00-02.2cgal2t.mongodb.net:27017], passives=[], arbiters=[], primary='ac-hrauimj-shard-00-02.2cgal2t.mongodb.net:27017', tagSet=TagSet{[Tag{name='availabilityZone', value='aps1-az1'}, Tag{name='diskState', value='READY'}, Tag{name='nodeType', value='ELECTABLE'}, Tag{name='provider', value='AWS'}, Tag{name='region', value='AP_SOUTH_1'}, Tag{name='workloadType', value='OPERATIONAL'}]}, electionId=null, setVersion=1, topologyVersion=TopologyVersion{processId=6852bb707ea280667d961e7a, counter=4}, lastWriteDate=Thu Jun 26 18:56:13 IST 2025, lastUpdateTimeNanos=26437797449400}
2025-06-26T18:56:17.599+05:30  INFO 5780 --- [backend] [ngodb.net:27017] org.mongodb.driver.cluster               : Monitor thread successfully connected to server with description ServerDescription{address=ac-hrauimj-shard-00-02.2cgal2t.mongodb.net:27017, type=REPLICA_SET_PRIMARY, cryptd=false, state=CONNECTED, ok=true, minWireVersion=0, maxWireVersion=25, maxDocumentSize=16777216, logicalSessionTimeoutMinutes=30, roundTripTimeNanos=535907200, minRoundTripTimeNanos=0, setName='atlas-ynfroj-shard-0', canonicalAddress=ac-hrauimj-shard-00-02.2cgal2t.mongodb.net:27017, hosts=[ac-hrauimj-shard-00-00.2cgal2t.mongodb.net:27017, ac-hrauimj-shard-00-01.2cgal2t.mongodb.net:27017, ac-hrauimj-shard-00-02.2cgal2t.mongodb.net:27017], passives=[], arbiters=[], primary='ac-hrauimj-shard-00-02.2cgal2t.mongodb.net:27017', tagSet=TagSet{[Tag{name='availabilityZone', value='aps1-az2'}, Tag{name='diskState', value='READY'}, Tag{name='nodeType', value='ELECTABLE'}, Tag{name='provider', value='AWS'}, Tag{name='region', value='AP_SOUTH_1'}, Tag{name='workloadType', value='OPERATIONAL'}]}, electionId=7fffffff000000000000001f, setVersion=1, topologyVersion=TopologyVersion{processId=6852be2ba4ff1fc646ae7061, counter=6}, lastWriteDate=Thu Jun 26 18:56:13 IST 2025, lastUpdateTimeNanos=26437799599600}
2025-06-26T18:56:17.609+05:30  INFO 5780 --- [backend] [ngodb.net:27017] org.mongodb.driver.cluster               : Discovered replica set primary ac-hrauimj-shard-00-02.2cgal2t.mongodb.net:27017 with max election id 7fffffff000000000000001f and max set version 1
2025-06-26T18:56:18.740+05:30  INFO 5780 --- [backend] [           main] c.p.backend.BackendApplicationTests      : Started BackendApplicationTests in 9.924 seconds (process running for 12.34)
]]></system-out>
  </testcase>
</testsuite>